<?xml version="1.0" encoding="UTF-8"?>
<!-- Generated by org.testng.reporters.JUnitReportReporter -->
<testsuite skipped="0" hostname="IN5CD7025HLP" name="secondTest.SecondTest" tests="1" failures="0" timestamp="2020-02-26T05:24:14 IST" time="29.917" errors="0">
  <testcase name="validatefirstTest" time="29.917" classname="secondTest.SecondTest"/>
</testsuite> <!-- secondTest.SecondTest -->
