<?xml version="1.0" encoding="UTF-8"?>
<!-- Generated by org.testng.reporters.JUnitReportReporter -->
<testsuite skipped="0" hostname="IN5CD7025HLP" name="firstTest.FirstTest" tests="1" failures="0" timestamp="2020-02-26T05:24:14 IST" time="20.104" errors="0">
  <testcase name="validatefirstTest" time="20.104" classname="firstTest.FirstTest"/>
</testsuite> <!-- firstTest.FirstTest -->
