<?xml version="1.0" encoding="UTF-8"?>
<!-- Generated by org.testng.reporters.JUnitReportReporter -->
<testsuite skipped="0" hostname="IN5CD7025HLP" name="firstTest.FirstTest" tests="1" failures="0" timestamp="2020-01-23T09:38:25 IST" time="15.106" errors="0">
  <testcase name="validatefirstTest" time="15.106" classname="firstTest.FirstTest"/>
</testsuite> <!-- firstTest.FirstTest -->
